[debug] [2024-06-30T15:04:01.390Z] ----------------------------------------------------------------------
[debug] [2024-06-30T15:04:01.393Z] Command:       C:\Program Files\nodejs\node.exe C:\Users\user\AppData\Roaming\npm\node_modules\firebase-tools\lib\bin\firebase.js init
[debug] [2024-06-30T15:04:01.393Z] CLI Version:   13.12.0
[debug] [2024-06-30T15:04:01.393Z] Platform:      win32
[debug] [2024-06-30T15:04:01.394Z] Node Version:  v20.15.0
[debug] [2024-06-30T15:04:01.394Z] Time:          Sun Jun 30 2024 23:04:01 GMT+0800 (Taipei Standard Time)
[debug] [2024-06-30T15:04:01.394Z] ----------------------------------------------------------------------
[debug] 
[debug] [2024-06-30T15:04:01.401Z] > command requires scopes: ["email","openid","https://www.googleapis.com/auth/cloudplatformprojects.readonly","https://www.googleapis.com/auth/firebase","https://www.googleapis.com/auth/cloud-platform"]
[debug] [2024-06-30T15:04:01.402Z] > authorizing via signed-in user (emrivera@gbox.adnu.edu.ph)
[info] 
     ######## #### ########  ######## ########     ###     ######  ########
     ##        ##  ##     ## ##       ##     ##  ##   ##  ##       ##
     ######    ##  ########  ######   ########  #########  ######  ######
     ##        ##  ##    ##  ##       ##     ## ##     ##       ## ##
     ##       #### ##     ## ######## ########  ##     ##  ######  ########

You're about to initialize a Firebase project in this directory:

  C:\Users\user\Documents\ADDNAV HOMEPAGE

[info] 
=== Project Setup
[info] 
[info] First, let's associate this project directory with a Firebase project.
[info] You can create multiple project aliases by running firebase use --add, 
[info] but for now we'll just set up a default project.
[info] 
[debug] [2024-06-30T15:05:06.689Z] >>> [apiv2][query] GET https://firebase.googleapis.com/v1beta1/projects pageSize=100
[debug] [2024-06-30T15:05:07.728Z] <<< [apiv2][status] GET https://firebase.googleapis.com/v1beta1/projects 200
[debug] [2024-06-30T15:05:07.728Z] <<< [apiv2][body] GET https://firebase.googleapis.com/v1beta1/projects [omitted]
[info] i  Using project riveraelamariz (RiveraElaMariz) 
[info] 
=== Hosting Setup
[debug] [2024-06-30T15:05:11.755Z] >>> [apiv2][query] GET https://firebase.googleapis.com/v1beta1/projects/riveraelamariz [none]
[debug] [2024-06-30T15:05:12.178Z] <<< [apiv2][status] GET https://firebase.googleapis.com/v1beta1/projects/riveraelamariz 200
[debug] [2024-06-30T15:05:12.178Z] <<< [apiv2][body] GET https://firebase.googleapis.com/v1beta1/projects/riveraelamariz {"projectId":"riveraelamariz","projectNumber":"414569350417","displayName":"RiveraElaMariz","name":"projects/riveraelamariz","resources":{"hostingSite":"riveraelamariz"},"state":"ACTIVE","etag":"1_72ffe406-5b80-4b89-a352-c5c6cd72db3b"}
[info] 
[info] Your public directory is the folder (relative to your project directory) that
[info] will contain Hosting assets to be uploaded with firebase deploy. If you
[info] have a build process for your assets, use your build's output directory.
[info] 
